[18:15:24.264] Global cache location '/Users/magcho/Library/Caches/typescript/3.8', safe file path '/usr/local/lib/node_modules/typescript/lib/typingsafelist.json', types map path /usr/local/lib/node_modules/typescript/lib/typesmap.json
[18:15:24.266] Processing cache location '/Users/magcho/Library/Caches/typescript/3.8'
[18:15:24.266] Trying to find '/Users/magcho/Library/Caches/typescript/3.8/package.json'...
[18:15:24.269] Loaded content of '/Users/magcho/Library/Caches/typescript/3.8/package.json': {"private":true,"dependencies":{"types-registry":"^0.1.491"},"devDependencies":{"@types/abbrev":"^1.1.1","@types/accepts":"^1.3.5","@types/acorn":"^4.0.5","@types/ajv-errors":"^1.0.2","@types/ajv-keywords":"^3.4.0","@types/ansi-styles":"^3.2.1","@types/anymatch":"^1.3.1","@types/are-we-there-yet":"^1.1.0","@types/argparse":"^1.0.38","@types/arr-diff":"^4.0.0","@types/arr-union":"^3.1.0","@types/array-find-index":"^1.0.0","@types/array-unique":"^0.3.0","@types/asn1":"^0.2.0","@types/assert":"^1.4.6","@types/assert-plus":"^1.0.4","@types/async":"^3.2.1","@types/atob":"^2.1.2","@types/autoprefixer":"^9.7.2","@types/aws4":"^1.5.1","@types/babel-plugin-macros":"^2.8.1","@types/balanced-match":"^1.0.1","@types/base64-js":"^1.2.5","@types/big.js":"^4.0.5","@types/bluebird":"^3.5.30","@types/bn.js":"^4.11.6","@types/body-parser":"^1.19.0","@types/bonjour":"^3.5.6","@types/brace-expansion":"^1.1.0","@types/braces":"^3.0.0","@types/brorand":"^1.0.30","@types/browser-sync":"^2.26.1","@types/browserslist":"^4.8.0","@types/buffer-from":"^1.1.0","@types/buffer-xor":"^2.0.0","@types/bytes":"^3.1.0","@types/cacache":"^12.0.1","@types/caniuse-api":"^3.0.0","@types/caniuse-lite":"^1.0.0","@types/case-sensitive-paths-webpack-plugin":"^2.1.4","@types/caseless":"^0.12.2","@types/chownr":"^1.0.0","@types/cipher-base":"^1.0.0","@types/clean-css":"^4.2.1","@types/clone-deep":"^4.0.1","@types/color":"^3.0.1","@types/color-convert":"^1.9.0","@types/color-name":"^1.1.1","@types/color-string":"^1.5.0","@types/combined-stream":"^1.0.2","@types/commondir":"^1.0.0","@types/component-emitter":"^1.2.9","@types/compressible":"^2.0.0","@types/compression":"^1.7.0","@types/compression-webpack-plugin":"^2.0.1","@types/concat-map":"0.0.0","@types/concat-stream":"^1.6.0","@types/concurrently":"^5.2.0","@types/connect-history-api-fallback":"^1.3.3","@types/content-disposition":"^0.5.3","@types/content-type":"^1.1.3","@types/convert-source-map":"^1.5.1","@types/cookie":"^0.3.3","@types/cookie-signature":"^1.0.3","@types/core-js":"^2.5.3","@types/create-hash":"^1.2.2","@types/create-hmac":"^1.1.0","@types/cross-spawn":"^6.0.1","@types/css-tree":"^1.0.3","@types/cssesc":"^3.0.0","@types/cssnano":"^4.0.0","@types/csso":"^3.5.1","@types/dat.gui":"^0.7.5","@types/debug":"^4.1.5","@types/decode-uri-component":"^0.2.0","@types/deep-equal":"^1.0.1","@types/default-gateway":"^3.0.1","@types/define-properties":"^1.1.2","@types/depd":"^1.1.32","@types/destroy":"^1.0.0","@types/detect-node":"^2.0.0","@types/diffie-hellman":"^5.0.0","@types/domutils":"^1.7.2","@types/duplexify":"^3.6.0","@types/ee-first":"^1.1.0","@types/elliptic":"^6.4.12","@types/encodeurl":"^1.0.0","@types/end-of-stream":"^1.4.0","@types/enhanced-resolve":"^3.0.6","@types/entities":"^1.1.1","@types/es-to-primitive":"^1.2.0","@types/escape-html":"0.0.20","@types/eslint":"^6.8.0","@types/eslint-scope":"^3.7.0","@types/esprima":"^4.0.2","@types/estraverse":"0.0.6","@types/etag":"^1.8.0","@types/events":"^3.0.0","@types/eventsource":"^1.1.2","@types/expand-tilde":"^2.0.0","@types/express":"^4.17.6","@types/extend":"^3.0.1","@types/extsprintf":"^1.4.1","@types/file-loader":"^4.2.0","@types/finalhandler":"^1.1.0","@types/find-cache-dir":"^3.2.0","@types/findup-sync":"^2.0.2","@types/flush-write-stream":"^1.0.0","@types/follow-redirects":"^1.8.0","@types/forever-agent":"^0.6.0","@types/forwarded":"^0.1.0","@types/fresh":"^0.5.0","@types/from2":"^2.3.0","@types/function-bind":"^1.1.1","@types/gaze":"^1.1.0","@types/get-caller-file":"^1.0.0","@types/get-value":"^3.0.1","@types/getpass":"^0.1.0","@types/glob":"^7.1.1","@types/glob-parent":"^5.1.0","@types/global-modules":"^2.0.0","@types/global-prefix":"^3.0.0","@types/globule":"^1.1.3","@types/google-closure-compiler":"0.0.18","@types/graceful-fs":"^4.1.3","@types/gulp":"^4.0.6","@types/gulp-autoprefixer":"0.0.32","@types/gulp-htmlmin":"^1.3.32","@types/gulp-plumber":"0.0.32","@types/gulp-stylus":"^2.7.1","@types/gulp-uglify":"^3.0.6","@types/has-ansi":"^3.0.0","@types/hosted-git-info":"^3.0.0","@types/http-errors":"^1.6.3","@types/http-proxy":"^1.17.4","@types/http-proxy-middleware":"^0.19.3","@types/http-server":"^0.10.0","@types/icss-utils":"^4.1.0","@types/iferr":"^1.0.2","@types/imurmurhash":"^0.1.0","@types/inherits":"0.0.30","@types/ini":"^1.3.30","@types/interpret":"^1.1.1","@types/invariant":"^2.2.32","@types/ip":"^1.1.0","@types/is-buffer":"^2.0.0","@types/is-callable":"^1.1.0","@types/is-date-object":"^1.0.1","@types/is-finite":"^1.0.0","@types/is-glob":"^4.0.1","@types/is-number":"^7.0.0","@types/is-typedarray":"^1.0.0","@types/is-windows":"^1.0.0","@types/isarray":"^2.0.0","@types/isexe":"^2.0.0","@types/isstream":"^0.1.0","@types/jquery":"^3.3.38","@types/js-base64":"^2.3.1","@types/js-yaml":"^3.12.3","@types/jsbn":"^1.2.29","@types/jsesc":"^2.5.0","@types/json-parse-better-errors":"^1.0.0","@types/json-schema":"^7.0.4","@types/json-schema-traverse":"^0.4.0","@types/json-stringify-safe":"^5.0.0","@types/json3":"^3.3.2","@types/json5":"0.0.30","@types/kind-of":"^6.0.0","@types/loader-runner":"^2.2.3","@types/loader-utils":"^1.1.3","@types/lodash":"^4.14.150","@types/lodash.clonedeep":"^4.5.6","@types/lodash.get":"^4.4.6","@types/lodash.has":"^4.5.6","@types/lodash.memoize":"^4.1.6","@types/lodash.template":"^4.4.6","@types/lodash.uniq":"^4.5.6","@types/lru-cache":"^5.1.0","@types/markdown-it":"^10.0.1","@types/media-typer":"^0.3.0","@types/memory-fs":"^0.3.2","@types/meow":"^5.0.0","@types/merge-descriptors":"^1.0.1","@types/merge-stream":"^1.1.2","@types/methods":"^1.1.1","@types/micromatch":"^4.0.1","@types/mime":"^2.0.1","@types/mime-db":"^1.43.0","@types/mime-types":"^2.1.0","@types/mini-css-extract-plugin":"^0.9.1","@types/minimalistic-assert":"^1.0.0","@types/minimatch":"^3.0.3","@types/minimist":"^1.2.0","@types/minipass":"^2.2.0","@types/mkdirp":"^1.0.0","@types/move-concurrently":"^1.0.2","@types/ms":"^0.7.31","@types/negotiator":"^0.6.1","@types/nice-try":"^2.0.0","@types/node-forge":"^0.9.3","@types/node-sass":"^4.11.0","@types/nopt":"^3.0.29","@types/normalize-package-data":"^2.4.0","@types/normalize-path":"^3.0.0","@types/npmlog":"^4.1.2","@types/num2fraction":"^1.2.0","@types/number-is-nan":"^1.0.0","@types/object-assign":"^4.0.30","@types/object-inspect":"^1.6.1","@types/object-keys":"^1.0.1","@types/object-path":"^0.11.0","@types/object.getownpropertydescriptors":"^2.1.0","@types/object.pick":"^1.3.0","@types/on-finished":"^2.3.1","@types/on-headers":"^1.0.0","@types/once":"^1.4.0","@types/optimize-css-assets-webpack-plugin":"^5.0.1","@types/original":"^1.0.0","@types/os-homedir":"^1.0.0","@types/os-tmpdir":"^1.0.0","@types/osenv":"^0.1.0","@types/pako":"^1.0.1","@types/parallel-transform":"^1.1.0","@types/parse-json":"^4.0.0","@types/parse-passwd":"^1.0.0","@types/parseurl":"^1.3.1","@types/path-is-absolute":"^1.0.0","@types/path-is-inside":"^1.0.0","@types/path-parse":"^1.0.19","@types/pbkdf2":"^3.0.0","@types/pify":"^3.0.2","@types/pixelmatch":"^5.2.1","@types/pngjs":"^3.4.2","@types/postcss-calc":"^7.0.0","@types/postcss-custom-properties":"^9.1.0","@types/postcss-flexbugs-fixes":"^4.2.0","@types/postcss-import":"^12.0.0","@types/postcss-load-config":"^2.0.1","@types/postcss-modules-extract-imports":"^2.0.0","@types/postcss-modules-local-by-default":"^1.2.0","@types/postcss-modules-scope":"^1.1.0","@types/postcss-modules-values":"^3.0.0","@types/prettier":"^2.0.0","@types/promise-inflight":"^1.0.0","@types/proxy-addr":"^2.0.0","@types/psl":"^1.1.0","@types/pug":"^2.0.4","@types/pump":"^1.1.0","@types/pumpify":"^1.4.1","@types/punycode":"^2.1.0","@types/puppeteer":"^2.0.1","@types/q":"^1.5.2","@types/qs":"^6.9.1","@types/querystringify":"^2.0.0","@types/qunit":"^2.9.1","@types/randombytes":"^2.0.0","@types/range-parser":"^1.2.3","@types/readable-stream":"^2.3.5","@types/repeat-element":"^1.1.0","@types/repeat-string":"^1.6.0","@types/repeating":"^3.0.0","@types/request":"^2.48.4","@types/require-directory":"^2.1.1","@types/requires-port":"^1.0.0","@types/resolve":"^1.14.0","@types/retry":"^0.12.0","@types/rimraf":"^3.0.0","@types/ripemd160":"^2.0.0","@types/rollup-plugin-buble":"^0.19.1","@types/safe-regex":"^1.1.2","@types/safer-buffer":"^2.1.0","@types/sass-graph":"^2.1.2","@types/sass-loader":"^8.0.0","@types/sax":"^1.2.1","@types/semver":"^7.1.0","@types/send":"^0.14.5","@types/serialize-javascript":"^1.5.0","@types/serve-handler":"^6.1.0","@types/serve-index":"^1.7.30","@types/serve-static":"^1.13.3","@types/set-value":"^2.0.0","@types/setimmediate":"^1.0.0","@types/sha.js":"^2.4.0","@types/shebang-command":"^1.2.0","@types/signal-exit":"^3.0.0","@types/sockjs":"^0.3.31","@types/sockjs-client":"^1.1.1","@types/source-list-map":"^0.1.2","@types/source-map-support":"^0.5.1","@types/spark-md5":"^3.0.2","@types/spdx-correct":"^2.0.0","@types/spdy":"^3.4.4","@types/sprintf":"^0.1.0","@types/sprintf-js":"^1.1.2","@types/sshpk":"^1.10.4","@types/ssri":"^6.0.2","@types/statuses":"^1.5.0","@types/stdout-stream":"^1.4.0","@types/stream-each":"^1.2.0","@types/stream-shift":"^1.0.0","@types/strict-uri-encode":"^2.0.0","@types/stylus":"^0.48.32","@types/supports-color":"^5.3.0","@types/svgo":"^1.3.2","@types/tapable":"^1.0.5","@types/tar":"^4.0.3","@types/terser-webpack-plugin":"^2.2.0","@types/through2":"^2.0.34","@types/timsort":"^0.3.0","@types/tough-cookie":"^4.0.0","@types/turbolinks":"^5.2.0","@types/type-is":"^1.6.3","@types/ua-parser-js":"^0.7.33","@types/uglify-js":"^3.9.0","@types/uniq":"0.0.27","@types/urix":"^0.1.0","@types/url-parse":"^1.4.3","@types/util-deprecate":"^1.0.0","@types/util.promisify":"^1.0.3","@types/utils-merge":"0.0.28","@types/uuid":"^7.0.3","@types/vary":"^1.1.0","@types/verror":"^1.10.3","@types/watchpack":"^1.1.5","@types/webpack":"^4.41.12","@types/webpack-assets-manifest":"^3.0.0","@types/webpack-dev-middleware":"^3.7.0","@types/webpack-dev-server":"^3.10.1","@types/webpack-sources":"^0.1.7","@types/webpack-stream":"^3.2.10","@types/when":"^2.4.33","@types/which":"^1.3.2","@types/wrap-ansi":"^3.0.0","@types/ws":"^7.2.4","@types/xtend":"^4.0.2","@types/y18n":"^4.0.0","@types/yallist":"^3.0.1","@types/yargs":"^15.0.4","@types/yargs-parser":"^15.0.0"}}
[18:15:24.270] Loaded content of '/Users/magcho/Library/Caches/typescript/3.8/package-lock.json'
[18:15:24.282] Adding entry into typings cache: 'abbrev' => '/Users/magcho/Library/Caches/typescript/3.8/node_modules/@types/abbrev/index.d.ts'
[18:15:24.285] Adding entry into typings cache: 'accepts' => '/Users/magcho/Library/Caches/typescript/3.8/node_modules/@types/accepts/index.d.ts'
[18:15:24.288] Adding entry into typings cache: 'acorn' => '/Users/magcho/Library/Caches/typescript/3.8/node_modules/@types/acorn/index.d.ts'
[18:15:24.293] Adding entry into typings cache: 'ajv-errors' => '/Users/magcho/Library/Caches/typescript/3.8/node_modules/@types/ajv-errors/index.d.ts'
[18:15:24.296] Adding entry into typings cache: 'ajv-keywords' => '/Users/magcho/Library/Caches/typescript/3.8/node_modules/@types/ajv-keywords/index.d.ts'
[18:15:24.303] Adding entry into typings cache: 'ansi-styles' => '/Users/magcho/Library/Caches/typescript/3.8/node_modules/@types/ansi-styles/index.d.ts'
[18:15:24.309] Adding entry into typings cache: 'anymatch' => '/Users/magcho/Library/Caches/typescript/3.8/node_modules/@types/anymatch/index.d.ts'
[18:15:24.313] Adding entry into typings cache: 'are-we-there-yet' => '/Users/magcho/Library/Caches/typescript/3.8/node_modules/@types/are-we-there-yet/index.d.ts'
[18:15:24.316] Adding entry into typings cache: 'argparse' => '/Users/magcho/Library/Caches/typescript/3.8/node_modules/@types/argparse/index.d.ts'
[18:15:24.323] Adding entry into typings cache: 'arr-diff' => '/Users/magcho/Library/Caches/typescript/3.8/node_modules/@types/arr-diff/index.d.ts'
[18:15:24.328] Adding entry into typings cache: 'arr-union' => '/Users/magcho/Library/Caches/typescript/3.8/node_modules/@types/arr-union/index.d.ts'
[18:15:24.330] Adding entry into typings cache: 'array-find-index' => '/Users/magcho/Library/Caches/typescript/3.8/node_modules/@types/array-find-index/index.d.ts'
[18:15:24.334] Adding entry into typings cache: 'array-unique' => '/Users/magcho/Library/Caches/typescript/3.8/node_modules/@types/array-unique/index.d.ts'
[18:15:24.336] Adding entry into typings cache: 'asn1' => '/Users/magcho/Library/Caches/typescript/3.8/node_modules/@types/asn1/index.d.ts'
[18:15:24.340] Adding entry into typings cache: 'assert' => '/Users/magcho/Library/Caches/typescript/3.8/node_modules/@types/assert/ts3.7/index.d.ts'
[18:15:24.342] Adding entry into typings cache: 'assert-plus' => '/Users/magcho/Library/Caches/typescript/3.8/node_modules/@types/assert-plus/index.d.ts'
[18:15:24.345] Adding entry into typings cache: 'async' => '/Users/magcho/Library/Caches/typescript/3.8/node_modules/@types/async/index.d.ts'
[18:15:24.351] Adding entry into typings cache: 'atob' => '/Users/magcho/Library/Caches/typescript/3.8/node_modules/@types/atob/index.d.ts'
[18:15:24.355] Adding entry into typings cache: 'autoprefixer' => '/Users/magcho/Library/Caches/typescript/3.8/node_modules/@types/autoprefixer/index.d.ts'
[18:15:24.356] Adding entry into typings cache: 'aws4' => '/Users/magcho/Library/Caches/typescript/3.8/node_modules/@types/aws4/index.d.ts'
[18:15:24.360] Adding entry into typings cache: 'babel-plugin-macros' => '/Users/magcho/Library/Caches/typescript/3.8/node_modules/@types/babel-plugin-macros/index.d.ts'
[18:15:24.362] Adding entry into typings cache: 'balanced-match' => '/Users/magcho/Library/Caches/typescript/3.8/node_modules/@types/balanced-match/index.d.ts'
[18:15:24.364] Adding entry into typings cache: 'base64-js' => '/Users/magcho/Library/Caches/typescript/3.8/node_modules/@types/base64-js/index.d.ts'
[18:15:24.365] Adding entry into typings cache: 'big.js' => '/Users/magcho/Library/Caches/typescript/3.8/node_modules/@types/big.js/index.d.ts'
[18:15:24.367] Adding entry into typings cache: 'bluebird' => '/Users/magcho/Library/Caches/typescript/3.8/node_modules/@types/bluebird/index.d.ts'
[18:15:24.368] Adding entry into typings cache: 'bn.js' => '/Users/magcho/Library/Caches/typescript/3.8/node_modules/@types/bn.js/index.d.ts'
[18:15:24.371] Adding entry into typings cache: 'body-parser' => '/Users/magcho/Library/Caches/typescript/3.8/node_modules/@types/body-parser/index.d.ts'
[18:15:24.372] Adding entry into typings cache: 'bonjour' => '/Users/magcho/Library/Caches/typescript/3.8/node_modules/@types/bonjour/index.d.ts'
[18:15:24.374] Adding entry into typings cache: 'brace-expansion' => '/Users/magcho/Library/Caches/typescript/3.8/node_modules/@types/brace-expansion/index.d.ts'
[18:15:24.379] Adding entry into typings cache: 'braces' => '/Users/magcho/Library/Caches/typescript/3.8/node_modules/@types/braces/index.d.ts'
[18:15:24.380] Adding entry into typings cache: 'brorand' => '/Users/magcho/Library/Caches/typescript/3.8/node_modules/@types/brorand/index.d.ts'
[18:15:24.384] Adding entry into typings cache: 'browser-sync' => '/Users/magcho/Library/Caches/typescript/3.8/node_modules/@types/browser-sync/index.d.ts'
[18:15:24.386] Adding entry into typings cache: 'browserslist' => '/Users/magcho/Library/Caches/typescript/3.8/node_modules/@types/browserslist/index.d.ts'
[18:15:24.390] Adding entry into typings cache: 'buffer-from' => '/Users/magcho/Library/Caches/typescript/3.8/node_modules/@types/buffer-from/index.d.ts'
[18:15:24.392] Adding entry into typings cache: 'buffer-xor' => '/Users/magcho/Library/Caches/typescript/3.8/node_modules/@types/buffer-xor/index.d.ts'
[18:15:24.393] Adding entry into typings cache: 'bytes' => '/Users/magcho/Library/Caches/typescript/3.8/node_modules/@types/bytes/index.d.ts'
[18:15:24.396] Adding entry into typings cache: 'cacache' => '/Users/magcho/Library/Caches/typescript/3.8/node_modules/@types/cacache/index.d.ts'
[18:15:24.398] Adding entry into typings cache: 'caniuse-api' => '/Users/magcho/Library/Caches/typescript/3.8/node_modules/@types/caniuse-api/index.d.ts'
[18:15:24.399] Adding entry into typings cache: 'caniuse-lite' => '/Users/magcho/Library/Caches/typescript/3.8/node_modules/@types/caniuse-lite/index.d.ts'
[18:15:24.401] Adding entry into typings cache: 'case-sensitive-paths-webpack-plugin' => '/Users/magcho/Library/Caches/typescript/3.8/node_modules/@types/case-sensitive-paths-webpack-plugin/index.d.ts'
[18:15:24.404] Adding entry into typings cache: 'caseless' => '/Users/magcho/Library/Caches/typescript/3.8/node_modules/@types/caseless/index.d.ts'
[18:15:24.405] Adding entry into typings cache: 'chownr' => '/Users/magcho/Library/Caches/typescript/3.8/node_modules/@types/chownr/index.d.ts'
[18:15:24.408] Adding entry into typings cache: 'cipher-base' => '/Users/magcho/Library/Caches/typescript/3.8/node_modules/@types/cipher-base/index.d.ts'
[18:15:24.410] Adding entry into typings cache: 'clean-css' => '/Users/magcho/Library/Caches/typescript/3.8/node_modules/@types/clean-css/index.d.ts'
[18:15:24.411] Adding entry into typings cache: 'clone-deep' => '/Users/magcho/Library/Caches/typescript/3.8/node_modules/@types/clone-deep/index.d.ts'
[18:15:24.414] Adding entry into typings cache: 'color' => '/Users/magcho/Library/Caches/typescript/3.8/node_modules/@types/color/index.d.ts'
[18:15:24.417] Adding entry into typings cache: 'color-convert' => '/Users/magcho/Library/Caches/typescript/3.8/node_modules/@types/color-convert/index.d.ts'
[18:15:24.421] Adding entry into typings cache: 'color-name' => '/Users/magcho/Library/Caches/typescript/3.8/node_modules/@types/color-name/index.d.ts'
[18:15:24.423] Adding entry into typings cache: 'color-string' => '/Users/magcho/Library/Caches/typescript/3.8/node_modules/@types/color-string/index.d.ts'
[18:15:24.426] Adding entry into typings cache: 'combined-stream' => '/Users/magcho/Library/Caches/typescript/3.8/node_modules/@types/combined-stream/index.d.ts'
[18:15:24.428] Adding entry into typings cache: 'commondir' => '/Users/magcho/Library/Caches/typescript/3.8/node_modules/@types/commondir/index.d.ts'
[18:15:24.432] Adding entry into typings cache: 'component-emitter' => '/Users/magcho/Library/Caches/typescript/3.8/node_modules/@types/component-emitter/index.d.ts'
[18:15:24.434] Adding entry into typings cache: 'compressible' => '/Users/magcho/Library/Caches/typescript/3.8/node_modules/@types/compressible/index.d.ts'
[18:15:24.439] Adding entry into typings cache: 'compression' => '/Users/magcho/Library/Caches/typescript/3.8/node_modules/@types/compression/index.d.ts'
[18:15:24.442] Adding entry into typings cache: 'compression-webpack-plugin' => '/Users/magcho/Library/Caches/typescript/3.8/node_modules/@types/compression-webpack-plugin/index.d.ts'
[18:15:24.443] Adding entry into typings cache: 'concat-map' => '/Users/magcho/Library/Caches/typescript/3.8/node_modules/@types/concat-map/index.d.ts'
[18:15:24.445] Adding entry into typings cache: 'concat-stream' => '/Users/magcho/Library/Caches/typescript/3.8/node_modules/@types/concat-stream/index.d.ts'
[18:15:24.448] Adding entry into typings cache: 'concurrently' => '/Users/magcho/Library/Caches/typescript/3.8/node_modules/@types/concurrently/index.d.ts'
[18:15:24.450] Adding entry into typings cache: 'connect-history-api-fallback' => '/Users/magcho/Library/Caches/typescript/3.8/node_modules/@types/connect-history-api-fallback/index.d.ts'
[18:15:24.451] Adding entry into typings cache: 'content-disposition' => '/Users/magcho/Library/Caches/typescript/3.8/node_modules/@types/content-disposition/index.d.ts'
[18:15:24.453] Adding entry into typings cache: 'content-type' => '/Users/magcho/Library/Caches/typescript/3.8/node_modules/@types/content-type/index.d.ts'
[18:15:24.454] Adding entry into typings cache: 'convert-source-map' => '/Users/magcho/Library/Caches/typescript/3.8/node_modules/@types/convert-source-map/index.d.ts'
[18:15:24.455] Adding entry into typings cache: 'cookie' => '/Users/magcho/Library/Caches/typescript/3.8/node_modules/@types/cookie/index.d.ts'
[18:15:24.457] Adding entry into typings cache: 'cookie-signature' => '/Users/magcho/Library/Caches/typescript/3.8/node_modules/@types/cookie-signature/index.d.ts'
[18:15:24.459] Adding entry into typings cache: 'core-js' => '/Users/magcho/Library/Caches/typescript/3.8/node_modules/@types/core-js/index.d.ts'
[18:15:24.460] Adding entry into typings cache: 'create-hash' => '/Users/magcho/Library/Caches/typescript/3.8/node_modules/@types/create-hash/index.d.ts'
[18:15:24.462] Adding entry into typings cache: 'create-hmac' => '/Users/magcho/Library/Caches/typescript/3.8/node_modules/@types/create-hmac/index.d.ts'
[18:15:24.464] Adding entry into typings cache: 'cross-spawn' => '/Users/magcho/Library/Caches/typescript/3.8/node_modules/@types/cross-spawn/index.d.ts'
[18:15:24.466] Adding entry into typings cache: 'css-tree' => '/Users/magcho/Library/Caches/typescript/3.8/node_modules/@types/css-tree/index.d.ts'
[18:15:24.469] Adding entry into typings cache: 'cssesc' => '/Users/magcho/Library/Caches/typescript/3.8/node_modules/@types/cssesc/index.d.ts'
[18:15:24.471] Adding entry into typings cache: 'cssnano' => '/Users/magcho/Library/Caches/typescript/3.8/node_modules/@types/cssnano/index.d.ts'
[18:15:24.472] Adding entry into typings cache: 'csso' => '/Users/magcho/Library/Caches/typescript/3.8/node_modules/@types/csso/index.d.ts'
[18:15:24.474] Adding entry into typings cache: 'dat.gui' => '/Users/magcho/Library/Caches/typescript/3.8/node_modules/@types/dat.gui/index.d.ts'
[18:15:24.479] Adding entry into typings cache: 'debug' => '/Users/magcho/Library/Caches/typescript/3.8/node_modules/@types/debug/index.d.ts'
[18:15:24.481] Adding entry into typings cache: 'decode-uri-component' => '/Users/magcho/Library/Caches/typescript/3.8/node_modules/@types/decode-uri-component/index.d.ts'
[18:15:24.482] Adding entry into typings cache: 'deep-equal' => '/Users/magcho/Library/Caches/typescript/3.8/node_modules/@types/deep-equal/index.d.ts'
[18:15:24.484] Adding entry into typings cache: 'default-gateway' => '/Users/magcho/Library/Caches/typescript/3.8/node_modules/@types/default-gateway/index.d.ts'
[18:15:24.485] Adding entry into typings cache: 'define-properties' => '/Users/magcho/Library/Caches/typescript/3.8/node_modules/@types/define-properties/index.d.ts'
[18:15:24.487] Adding entry into typings cache: 'depd' => '/Users/magcho/Library/Caches/typescript/3.8/node_modules/@types/depd/index.d.ts'
[18:15:24.488] Adding entry into typings cache: 'destroy' => '/Users/magcho/Library/Caches/typescript/3.8/node_modules/@types/destroy/index.d.ts'
[18:15:24.489] Adding entry into typings cache: 'detect-node' => '/Users/magcho/Library/Caches/typescript/3.8/node_modules/@types/detect-node/index.d.ts'
[18:15:24.491] Adding entry into typings cache: 'diffie-hellman' => '/Users/magcho/Library/Caches/typescript/3.8/node_modules/@types/diffie-hellman/index.d.ts'
[18:15:24.494] Adding entry into typings cache: 'domutils' => '/Users/magcho/Library/Caches/typescript/3.8/node_modules/@types/domutils/index.d.ts'
[18:15:24.496] Adding entry into typings cache: 'duplexify' => '/Users/magcho/Library/Caches/typescript/3.8/node_modules/@types/duplexify/index.d.ts'
[18:15:24.498] Adding entry into typings cache: 'ee-first' => '/Users/magcho/Library/Caches/typescript/3.8/node_modules/@types/ee-first/index.d.ts'
[18:15:24.500] Adding entry into typings cache: 'elliptic' => '/Users/magcho/Library/Caches/typescript/3.8/node_modules/@types/elliptic/index.d.ts'
[18:15:24.501] Adding entry into typings cache: 'encodeurl' => '/Users/magcho/Library/Caches/typescript/3.8/node_modules/@types/encodeurl/index.d.ts'
[18:15:24.503] Adding entry into typings cache: 'end-of-stream' => '/Users/magcho/Library/Caches/typescript/3.8/node_modules/@types/end-of-stream/index.d.ts'
[18:15:24.504] Adding entry into typings cache: 'enhanced-resolve' => '/Users/magcho/Library/Caches/typescript/3.8/node_modules/@types/enhanced-resolve/index.d.ts'
[18:15:24.506] Adding entry into typings cache: 'entities' => '/Users/magcho/Library/Caches/typescript/3.8/node_modules/@types/entities/index.d.ts'
[18:15:24.508] Adding entry into typings cache: 'es-to-primitive' => '/Users/magcho/Library/Caches/typescript/3.8/node_modules/@types/es-to-primitive/ts3.1/index.d.ts'
[18:15:24.509] Adding entry into typings cache: 'escape-html' => '/Users/magcho/Library/Caches/typescript/3.8/node_modules/@types/escape-html/index.d.ts'
[18:15:24.511] Adding entry into typings cache: 'eslint' => '/Users/magcho/Library/Caches/typescript/3.8/node_modules/@types/eslint/ts3.1/index.d.ts'
[18:15:24.512] Adding entry into typings cache: 'eslint-scope' => '/Users/magcho/Library/Caches/typescript/3.8/node_modules/@types/eslint-scope/index.d.ts'
[18:15:24.514] Adding entry into typings cache: 'esprima' => '/Users/magcho/Library/Caches/typescript/3.8/node_modules/@types/esprima/index.d.ts'
[18:15:24.515] Adding entry into typings cache: 'estraverse' => '/Users/magcho/Library/Caches/typescript/3.8/node_modules/@types/estraverse/index.d.ts'
[18:15:24.516] Adding entry into typings cache: 'etag' => '/Users/magcho/Library/Caches/typescript/3.8/node_modules/@types/etag/index.d.ts'
[18:15:24.518] Adding entry into typings cache: 'events' => '/Users/magcho/Library/Caches/typescript/3.8/node_modules/@types/events/index.d.ts'
[18:15:24.519] Adding entry into typings cache: 'eventsource' => '/Users/magcho/Library/Caches/typescript/3.8/node_modules/@types/eventsource/index.d.ts'
[18:15:24.521] Adding entry into typings cache: 'expand-tilde' => '/Users/magcho/Library/Caches/typescript/3.8/node_modules/@types/expand-tilde/index.d.ts'
[18:15:24.522] Adding entry into typings cache: 'express' => '/Users/magcho/Library/Caches/typescript/3.8/node_modules/@types/express/index.d.ts'
[18:15:24.523] Adding entry into typings cache: 'extend' => '/Users/magcho/Library/Caches/typescript/3.8/node_modules/@types/extend/index.d.ts'
[18:15:24.524] Adding entry into typings cache: 'extsprintf' => '/Users/magcho/Library/Caches/typescript/3.8/node_modules/@types/extsprintf/index.d.ts'
[18:15:24.525] Adding entry into typings cache: 'file-loader' => '/Users/magcho/Library/Caches/typescript/3.8/node_modules/@types/file-loader/index.d.ts'
[18:15:24.527] Adding entry into typings cache: 'finalhandler' => '/Users/magcho/Library/Caches/typescript/3.8/node_modules/@types/finalhandler/index.d.ts'
[18:15:24.528] Adding entry into typings cache: 'find-cache-dir' => '/Users/magcho/Library/Caches/typescript/3.8/node_modules/@types/find-cache-dir/index.d.ts'
[18:15:24.531] Adding entry into typings cache: 'findup-sync' => '/Users/magcho/Library/Caches/typescript/3.8/node_modules/@types/findup-sync/index.d.ts'
[18:15:24.532] Adding entry into typings cache: 'flush-write-stream' => '/Users/magcho/Library/Caches/typescript/3.8/node_modules/@types/flush-write-stream/index.d.ts'
[18:15:24.533] Adding entry into typings cache: 'follow-redirects' => '/Users/magcho/Library/Caches/typescript/3.8/node_modules/@types/follow-redirects/index.d.ts'
[18:15:24.535] Adding entry into typings cache: 'forever-agent' => '/Users/magcho/Library/Caches/typescript/3.8/node_modules/@types/forever-agent/index.d.ts'
[18:15:24.536] Adding entry into typings cache: 'forwarded' => '/Users/magcho/Library/Caches/typescript/3.8/node_modules/@types/forwarded/index.d.ts'
[18:15:24.537] Adding entry into typings cache: 'fresh' => '/Users/magcho/Library/Caches/typescript/3.8/node_modules/@types/fresh/index.d.ts'
[18:15:24.538] Adding entry into typings cache: 'from2' => '/Users/magcho/Library/Caches/typescript/3.8/node_modules/@types/from2/index.d.ts'
[18:15:24.540] Adding entry into typings cache: 'function-bind' => '/Users/magcho/Library/Caches/typescript/3.8/node_modules/@types/function-bind/ts3.3/index.d.ts'
[18:15:24.542] Adding entry into typings cache: 'gaze' => '/Users/magcho/Library/Caches/typescript/3.8/node_modules/@types/gaze/index.d.ts'
[18:15:24.543] Adding entry into typings cache: 'get-caller-file' => '/Users/magcho/Library/Caches/typescript/3.8/node_modules/@types/get-caller-file/index.d.ts'
[18:15:24.547] Adding entry into typings cache: 'get-value' => '/Users/magcho/Library/Caches/typescript/3.8/node_modules/@types/get-value/index.d.ts'
[18:15:24.548] Adding entry into typings cache: 'getpass' => '/Users/magcho/Library/Caches/typescript/3.8/node_modules/@types/getpass/index.d.ts'
[18:15:24.552] Adding entry into typings cache: 'glob' => '/Users/magcho/Library/Caches/typescript/3.8/node_modules/@types/glob/index.d.ts'
[18:15:24.557] Adding entry into typings cache: 'glob-parent' => '/Users/magcho/Library/Caches/typescript/3.8/node_modules/@types/glob-parent/index.d.ts'
[18:15:24.558] Adding entry into typings cache: 'global-modules' => '/Users/magcho/Library/Caches/typescript/3.8/node_modules/@types/global-modules/index.d.ts'
[18:15:24.559] Adding entry into typings cache: 'global-prefix' => '/Users/magcho/Library/Caches/typescript/3.8/node_modules/@types/global-prefix/index.d.ts'
[18:15:24.562] Adding entry into typings cache: 'globule' => '/Users/magcho/Library/Caches/typescript/3.8/node_modules/@types/globule/index.d.ts'
[18:15:24.563] Adding entry into typings cache: 'google-closure-compiler' => '/Users/magcho/Library/Caches/typescript/3.8/node_modules/@types/google-closure-compiler/index.d.ts'
[18:15:24.565] Adding entry into typings cache: 'graceful-fs' => '/Users/magcho/Library/Caches/typescript/3.8/node_modules/@types/graceful-fs/index.d.ts'
[18:15:24.567] Adding entry into typings cache: 'gulp' => '/Users/magcho/Library/Caches/typescript/3.8/node_modules/@types/gulp/index.d.ts'
[18:15:24.568] Adding entry into typings cache: 'gulp-autoprefixer' => '/Users/magcho/Library/Caches/typescript/3.8/node_modules/@types/gulp-autoprefixer/index.d.ts'
[18:15:24.570] Adding entry into typings cache: 'gulp-htmlmin' => '/Users/magcho/Library/Caches/typescript/3.8/node_modules/@types/gulp-htmlmin/index.d.ts'
[18:15:24.571] Adding entry into typings cache: 'gulp-plumber' => '/Users/magcho/Library/Caches/typescript/3.8/node_modules/@types/gulp-plumber/index.d.ts'
[18:15:24.573] Adding entry into typings cache: 'gulp-stylus' => '/Users/magcho/Library/Caches/typescript/3.8/node_modules/@types/gulp-stylus/index.d.ts'
[18:15:24.575] Adding entry into typings cache: 'gulp-uglify' => '/Users/magcho/Library/Caches/typescript/3.8/node_modules/@types/gulp-uglify/index.d.ts'
[18:15:24.576] Adding entry into typings cache: 'has-ansi' => '/Users/magcho/Library/Caches/typescript/3.8/node_modules/@types/has-ansi/index.d.ts'
[18:15:24.577] Adding entry into typings cache: 'hosted-git-info' => '/Users/magcho/Library/Caches/typescript/3.8/node_modules/@types/hosted-git-info/index.d.ts'
[18:15:24.578] Adding entry into typings cache: 'http-errors' => '/Users/magcho/Library/Caches/typescript/3.8/node_modules/@types/http-errors/index.d.ts'
[18:15:24.579] Adding entry into typings cache: 'http-proxy' => '/Users/magcho/Library/Caches/typescript/3.8/node_modules/@types/http-proxy/index.d.ts'
[18:15:24.580] Adding entry into typings cache: 'http-proxy-middleware' => '/Users/magcho/Library/Caches/typescript/3.8/node_modules/@types/http-proxy-middleware/index.d.ts'
[18:15:24.582] Adding entry into typings cache: 'http-server' => '/Users/magcho/Library/Caches/typescript/3.8/node_modules/@types/http-server/index.d.ts'
[18:15:24.583] Adding entry into typings cache: 'icss-utils' => '/Users/magcho/Library/Caches/typescript/3.8/node_modules/@types/icss-utils/index.d.ts'
[18:15:24.585] Adding entry into typings cache: 'iferr' => '/Users/magcho/Library/Caches/typescript/3.8/node_modules/@types/iferr/index.d.ts'
[18:15:24.587] Adding entry into typings cache: 'imurmurhash' => '/Users/magcho/Library/Caches/typescript/3.8/node_modules/@types/imurmurhash/index.d.ts'
[18:15:24.589] Adding entry into typings cache: 'inherits' => '/Users/magcho/Library/Caches/typescript/3.8/node_modules/@types/inherits/index.d.ts'
[18:15:24.591] Adding entry into typings cache: 'ini' => '/Users/magcho/Library/Caches/typescript/3.8/node_modules/@types/ini/index.d.ts'
[18:15:24.592] Adding entry into typings cache: 'interpret' => '/Users/magcho/Library/Caches/typescript/3.8/node_modules/@types/interpret/index.d.ts'
[18:15:24.593] Adding entry into typings cache: 'invariant' => '/Users/magcho/Library/Caches/typescript/3.8/node_modules/@types/invariant/ts3.7/index.d.ts'
[18:15:24.595] Adding entry into typings cache: 'ip' => '/Users/magcho/Library/Caches/typescript/3.8/node_modules/@types/ip/index.d.ts'
[18:15:24.598] Adding entry into typings cache: 'is-buffer' => '/Users/magcho/Library/Caches/typescript/3.8/node_modules/@types/is-buffer/index.d.ts'
[18:15:24.600] Adding entry into typings cache: 'is-callable' => '/Users/magcho/Library/Caches/typescript/3.8/node_modules/@types/is-callable/index.d.ts'
[18:15:24.601] Adding entry into typings cache: 'is-date-object' => '/Users/magcho/Library/Caches/typescript/3.8/node_modules/@types/is-date-object/index.d.ts'
[18:15:24.603] Adding entry into typings cache: 'is-finite' => '/Users/magcho/Library/Caches/typescript/3.8/node_modules/@types/is-finite/index.d.ts'
[18:15:24.605] Adding entry into typings cache: 'is-glob' => '/Users/magcho/Library/Caches/typescript/3.8/node_modules/@types/is-glob/index.d.ts'
[18:15:24.608] Adding entry into typings cache: 'is-number' => '/Users/magcho/Library/Caches/typescript/3.8/node_modules/@types/is-number/index.d.ts'
[18:15:24.609] Adding entry into typings cache: 'is-typedarray' => '/Users/magcho/Library/Caches/typescript/3.8/node_modules/@types/is-typedarray/index.d.ts'
[18:15:24.612] Adding entry into typings cache: 'is-windows' => '/Users/magcho/Library/Caches/typescript/3.8/node_modules/@types/is-windows/index.d.ts'
[18:15:24.614] Adding entry into typings cache: 'isarray' => '/Users/magcho/Library/Caches/typescript/3.8/node_modules/@types/isarray/index.d.ts'
[18:15:24.615] Adding entry into typings cache: 'isexe' => '/Users/magcho/Library/Caches/typescript/3.8/node_modules/@types/isexe/index.d.ts'
[18:15:24.616] Adding entry into typings cache: 'isstream' => '/Users/magcho/Library/Caches/typescript/3.8/node_modules/@types/isstream/index.d.ts'
[18:15:24.618] Adding entry into typings cache: 'jquery' => '/Users/magcho/Library/Caches/typescript/3.8/node_modules/@types/jquery/index.d.ts'
[18:15:24.619] Adding entry into typings cache: 'js-base64' => '/Users/magcho/Library/Caches/typescript/3.8/node_modules/@types/js-base64/index.d.ts'
[18:15:24.620] Adding entry into typings cache: 'js-yaml' => '/Users/magcho/Library/Caches/typescript/3.8/node_modules/@types/js-yaml/index.d.ts'
[18:15:24.622] Adding entry into typings cache: 'jsbn' => '/Users/magcho/Library/Caches/typescript/3.8/node_modules/@types/jsbn/index.d.ts'
[18:15:24.624] Adding entry into typings cache: 'jsesc' => '/Users/magcho/Library/Caches/typescript/3.8/node_modules/@types/jsesc/index.d.ts'
[18:15:24.627] Adding entry into typings cache: 'json-parse-better-errors' => '/Users/magcho/Library/Caches/typescript/3.8/node_modules/@types/json-parse-better-errors/index.d.ts'
[18:15:24.629] Adding entry into typings cache: 'json-schema' => '/Users/magcho/Library/Caches/typescript/3.8/node_modules/@types/json-schema/index.d.ts'
[18:15:24.631] Adding entry into typings cache: 'json-schema-traverse' => '/Users/magcho/Library/Caches/typescript/3.8/node_modules/@types/json-schema-traverse/index.d.ts'
[18:15:24.633] Adding entry into typings cache: 'json-stringify-safe' => '/Users/magcho/Library/Caches/typescript/3.8/node_modules/@types/json-stringify-safe/index.d.ts'
[18:15:24.634] Adding entry into typings cache: 'json3' => '/Users/magcho/Library/Caches/typescript/3.8/node_modules/@types/json3/index.d.ts'
[18:15:24.635] Adding entry into typings cache: 'json5' => '/Users/magcho/Library/Caches/typescript/3.8/node_modules/@types/json5/index.d.ts'
[18:15:24.637] Adding entry into typings cache: 'kind-of' => '/Users/magcho/Library/Caches/typescript/3.8/node_modules/@types/kind-of/index.d.ts'
[18:15:24.638] Adding entry into typings cache: 'loader-runner' => '/Users/magcho/Library/Caches/typescript/3.8/node_modules/@types/loader-runner/index.d.ts'
[18:15:24.639] Adding entry into typings cache: 'loader-utils' => '/Users/magcho/Library/Caches/typescript/3.8/node_modules/@types/loader-utils/index.d.ts'
[18:15:24.645] Adding entry into typings cache: 'lodash' => '/Users/magcho/Library/Caches/typescript/3.8/node_modules/@types/lodash/ts3.1/index.d.ts'
[18:15:24.647] Adding entry into typings cache: 'lodash.clonedeep' => '/Users/magcho/Library/Caches/typescript/3.8/node_modules/@types/lodash.clonedeep/index.d.ts'
[18:15:24.648] Adding entry into typings cache: 'lodash.get' => '/Users/magcho/Library/Caches/typescript/3.8/node_modules/@types/lodash.get/index.d.ts'
[18:15:24.649] Adding entry into typings cache: 'lodash.has' => '/Users/magcho/Library/Caches/typescript/3.8/node_modules/@types/lodash.has/index.d.ts'
[18:15:24.650] Adding entry into typings cache: 'lodash.memoize' => '/Users/magcho/Library/Caches/typescript/3.8/node_modules/@types/lodash.memoize/index.d.ts'
[18:15:24.651] Adding entry into typings cache: 'lodash.template' => '/Users/magcho/Library/Caches/typescript/3.8/node_modules/@types/lodash.template/index.d.ts'
[18:15:24.652] Adding entry into typings cache: 'lodash.uniq' => '/Users/magcho/Library/Caches/typescript/3.8/node_modules/@types/lodash.uniq/index.d.ts'
[18:15:24.654] Adding entry into typings cache: 'lru-cache' => '/Users/magcho/Library/Caches/typescript/3.8/node_modules/@types/lru-cache/index.d.ts'
[18:15:24.655] Adding entry into typings cache: 'markdown-it' => '/Users/magcho/Library/Caches/typescript/3.8/node_modules/@types/markdown-it/index.d.ts'
[18:15:24.656] Adding entry into typings cache: 'media-typer' => '/Users/magcho/Library/Caches/typescript/3.8/node_modules/@types/media-typer/index.d.ts'
[18:15:24.657] Adding entry into typings cache: 'memory-fs' => '/Users/magcho/Library/Caches/typescript/3.8/node_modules/@types/memory-fs/index.d.ts'
[18:15:24.658] Adding entry into typings cache: 'meow' => '/Users/magcho/Library/Caches/typescript/3.8/node_modules/@types/meow/index.d.ts'
[18:15:24.660] Adding entry into typings cache: 'merge-descriptors' => '/Users/magcho/Library/Caches/typescript/3.8/node_modules/@types/merge-descriptors/index.d.ts'
[18:15:24.661] Adding entry into typings cache: 'merge-stream' => '/Users/magcho/Library/Caches/typescript/3.8/node_modules/@types/merge-stream/index.d.ts'
[18:15:24.662] Adding entry into typings cache: 'methods' => '/Users/magcho/Library/Caches/typescript/3.8/node_modules/@types/methods/index.d.ts'
[18:15:24.665] Adding entry into typings cache: 'micromatch' => '/Users/magcho/Library/Caches/typescript/3.8/node_modules/@types/micromatch/index.d.ts'
[18:15:24.668] Adding entry into typings cache: 'mime' => '/Users/magcho/Library/Caches/typescript/3.8/node_modules/@types/mime/index.d.ts'
[18:15:24.671] Adding entry into typings cache: 'mime-db' => '/Users/magcho/Library/Caches/typescript/3.8/node_modules/@types/mime-db/index.d.ts'
[18:15:24.674] Adding entry into typings cache: 'mime-types' => '/Users/magcho/Library/Caches/typescript/3.8/node_modules/@types/mime-types/index.d.ts'
[18:15:24.675] Adding entry into typings cache: 'mini-css-extract-plugin' => '/Users/magcho/Library/Caches/typescript/3.8/node_modules/@types/mini-css-extract-plugin/index.d.ts'
[18:15:24.677] Adding entry into typings cache: 'minimalistic-assert' => '/Users/magcho/Library/Caches/typescript/3.8/node_modules/@types/minimalistic-assert/index.d.ts'
[18:15:24.680] Adding entry into typings cache: 'minimatch' => '/Users/magcho/Library/Caches/typescript/3.8/node_modules/@types/minimatch/index.d.ts'
[18:15:24.686] Adding entry into typings cache: 'minimist' => '/Users/magcho/Library/Caches/typescript/3.8/node_modules/@types/minimist/index.d.ts'
[18:15:24.687] Adding entry into typings cache: 'minipass' => '/Users/magcho/Library/Caches/typescript/3.8/node_modules/@types/minipass/index.d.ts'
[18:15:24.689] Adding entry into typings cache: 'mkdirp' => '/Users/magcho/Library/Caches/typescript/3.8/node_modules/@types/mkdirp/index.d.ts'
[18:15:24.690] Adding entry into typings cache: 'move-concurrently' => '/Users/magcho/Library/Caches/typescript/3.8/node_modules/@types/move-concurrently/index.d.ts'
[18:15:24.693] Adding entry into typings cache: 'ms' => '/Users/magcho/Library/Caches/typescript/3.8/node_modules/@types/ms/index.d.ts'
[18:15:24.694] Adding entry into typings cache: 'negotiator' => '/Users/magcho/Library/Caches/typescript/3.8/node_modules/@types/negotiator/index.d.ts'
[18:15:24.695] Adding entry into typings cache: 'nice-try' => '/Users/magcho/Library/Caches/typescript/3.8/node_modules/@types/nice-try/index.d.ts'
[18:15:24.696] Adding entry into typings cache: 'node-forge' => '/Users/magcho/Library/Caches/typescript/3.8/node_modules/@types/node-forge/index.d.ts'
[18:15:24.697] Adding entry into typings cache: 'node-sass' => '/Users/magcho/Library/Caches/typescript/3.8/node_modules/@types/node-sass/index.d.ts'
[18:15:24.698] Adding entry into typings cache: 'nopt' => '/Users/magcho/Library/Caches/typescript/3.8/node_modules/@types/nopt/index.d.ts'
[18:15:24.699] Adding entry into typings cache: 'normalize-package-data' => '/Users/magcho/Library/Caches/typescript/3.8/node_modules/@types/normalize-package-data/index.d.ts'
[18:15:24.702] Adding entry into typings cache: 'normalize-path' => '/Users/magcho/Library/Caches/typescript/3.8/node_modules/@types/normalize-path/index.d.ts'
[18:15:24.703] Adding entry into typings cache: 'npmlog' => '/Users/magcho/Library/Caches/typescript/3.8/node_modules/@types/npmlog/index.d.ts'
[18:15:24.705] Adding entry into typings cache: 'num2fraction' => '/Users/magcho/Library/Caches/typescript/3.8/node_modules/@types/num2fraction/index.d.ts'
[18:15:24.706] Adding entry into typings cache: 'number-is-nan' => '/Users/magcho/Library/Caches/typescript/3.8/node_modules/@types/number-is-nan/index.d.ts'
[18:15:24.707] Adding entry into typings cache: 'object-assign' => '/Users/magcho/Library/Caches/typescript/3.8/node_modules/@types/object-assign/index.d.ts'
[18:15:24.708] Adding entry into typings cache: 'object-inspect' => '/Users/magcho/Library/Caches/typescript/3.8/node_modules/@types/object-inspect/index.d.ts'
[18:15:24.709] Adding entry into typings cache: 'object-keys' => '/Users/magcho/Library/Caches/typescript/3.8/node_modules/@types/object-keys/index.d.ts'
[18:15:24.710] Adding entry into typings cache: 'object-path' => '/Users/magcho/Library/Caches/typescript/3.8/node_modules/@types/object-path/index.d.ts'
[18:15:24.711] Adding entry into typings cache: 'object.getownpropertydescriptors' => '/Users/magcho/Library/Caches/typescript/3.8/node_modules/@types/object.getownpropertydescriptors/index.d.ts'
[18:15:24.713] Adding entry into typings cache: 'object.pick' => '/Users/magcho/Library/Caches/typescript/3.8/node_modules/@types/object.pick/index.d.ts'
[18:15:24.715] Adding entry into typings cache: 'on-finished' => '/Users/magcho/Library/Caches/typescript/3.8/node_modules/@types/on-finished/index.d.ts'
[18:15:24.716] Adding entry into typings cache: 'on-headers' => '/Users/magcho/Library/Caches/typescript/3.8/node_modules/@types/on-headers/index.d.ts'
[18:15:24.717] Adding entry into typings cache: 'once' => '/Users/magcho/Library/Caches/typescript/3.8/node_modules/@types/once/index.d.ts'
[18:15:24.719] Adding entry into typings cache: 'optimize-css-assets-webpack-plugin' => '/Users/magcho/Library/Caches/typescript/3.8/node_modules/@types/optimize-css-assets-webpack-plugin/index.d.ts'
[18:15:24.720] Adding entry into typings cache: 'original' => '/Users/magcho/Library/Caches/typescript/3.8/node_modules/@types/original/index.d.ts'
[18:15:24.722] Adding entry into typings cache: 'os-homedir' => '/Users/magcho/Library/Caches/typescript/3.8/node_modules/@types/os-homedir/index.d.ts'
[18:15:24.723] Adding entry into typings cache: 'os-tmpdir' => '/Users/magcho/Library/Caches/typescript/3.8/node_modules/@types/os-tmpdir/index.d.ts'
[18:15:24.724] Adding entry into typings cache: 'osenv' => '/Users/magcho/Library/Caches/typescript/3.8/node_modules/@types/osenv/index.d.ts'
[18:15:24.726] Adding entry into typings cache: 'pako' => '/Users/magcho/Library/Caches/typescript/3.8/node_modules/@types/pako/index.d.ts'
[18:15:24.727] Adding entry into typings cache: 'parallel-transform' => '/Users/magcho/Library/Caches/typescript/3.8/node_modules/@types/parallel-transform/index.d.ts'
[18:15:24.729] Adding entry into typings cache: 'parse-json' => '/Users/magcho/Library/Caches/typescript/3.8/node_modules/@types/parse-json/index.d.ts'
[18:15:24.730] Adding entry into typings cache: 'parse-passwd' => '/Users/magcho/Library/Caches/typescript/3.8/node_modules/@types/parse-passwd/index.d.ts'
[18:15:24.731] Adding entry into typings cache: 'parseurl' => '/Users/magcho/Library/Caches/typescript/3.8/node_modules/@types/parseurl/index.d.ts'
[18:15:24.733] Adding entry into typings cache: 'path-is-absolute' => '/Users/magcho/Library/Caches/typescript/3.8/node_modules/@types/path-is-absolute/index.d.ts'
[18:15:24.734] Adding entry into typings cache: 'path-is-inside' => '/Users/magcho/Library/Caches/typescript/3.8/node_modules/@types/path-is-inside/index.d.ts'
[18:15:24.736] Adding entry into typings cache: 'path-parse' => '/Users/magcho/Library/Caches/typescript/3.8/node_modules/@types/path-parse/index.d.ts'
[18:15:24.737] Adding entry into typings cache: 'pbkdf2' => '/Users/magcho/Library/Caches/typescript/3.8/node_modules/@types/pbkdf2/index.d.ts'
[18:15:24.738] Adding entry into typings cache: 'pify' => '/Users/magcho/Library/Caches/typescript/3.8/node_modules/@types/pify/index.d.ts'
[18:15:24.739] Adding entry into typings cache: 'pixelmatch' => '/Users/magcho/Library/Caches/typescript/3.8/node_modules/@types/pixelmatch/index.d.ts'
[18:15:24.741] Adding entry into typings cache: 'pngjs' => '/Users/magcho/Library/Caches/typescript/3.8/node_modules/@types/pngjs/index.d.ts'
[18:15:24.742] Adding entry into typings cache: 'postcss-calc' => '/Users/magcho/Library/Caches/typescript/3.8/node_modules/@types/postcss-calc/index.d.ts'
[18:15:24.743] Adding entry into typings cache: 'postcss-custom-properties' => '/Users/magcho/Library/Caches/typescript/3.8/node_modules/@types/postcss-custom-properties/index.d.ts'
[18:15:24.745] Adding entry into typings cache: 'postcss-flexbugs-fixes' => '/Users/magcho/Library/Caches/typescript/3.8/node_modules/@types/postcss-flexbugs-fixes/index.d.ts'
[18:15:24.746] Adding entry into typings cache: 'postcss-import' => '/Users/magcho/Library/Caches/typescript/3.8/node_modules/@types/postcss-import/index.d.ts'
[18:15:24.748] Adding entry into typings cache: 'postcss-load-config' => '/Users/magcho/Library/Caches/typescript/3.8/node_modules/@types/postcss-load-config/index.d.ts'
[18:15:24.750] Adding entry into typings cache: 'postcss-modules-extract-imports' => '/Users/magcho/Library/Caches/typescript/3.8/node_modules/@types/postcss-modules-extract-imports/index.d.ts'
[18:15:24.751] Adding entry into typings cache: 'postcss-modules-local-by-default' => '/Users/magcho/Library/Caches/typescript/3.8/node_modules/@types/postcss-modules-local-by-default/index.d.ts'
[18:15:24.753] Adding entry into typings cache: 'postcss-modules-scope' => '/Users/magcho/Library/Caches/typescript/3.8/node_modules/@types/postcss-modules-scope/index.d.ts'
[18:15:24.755] Adding entry into typings cache: 'postcss-modules-values' => '/Users/magcho/Library/Caches/typescript/3.8/node_modules/@types/postcss-modules-values/index.d.ts'
[18:15:24.756] Adding entry into typings cache: 'prettier' => '/Users/magcho/Library/Caches/typescript/3.8/node_modules/@types/prettier/index.d.ts'
[18:15:24.758] Adding entry into typings cache: 'promise-inflight' => '/Users/magcho/Library/Caches/typescript/3.8/node_modules/@types/promise-inflight/index.d.ts'
[18:15:24.759] Adding entry into typings cache: 'proxy-addr' => '/Users/magcho/Library/Caches/typescript/3.8/node_modules/@types/proxy-addr/index.d.ts'
[18:15:24.760] Adding entry into typings cache: 'psl' => '/Users/magcho/Library/Caches/typescript/3.8/node_modules/@types/psl/index.d.ts'
[18:15:24.762] Adding entry into typings cache: 'pug' => '/Users/magcho/Library/Caches/typescript/3.8/node_modules/@types/pug/index.d.ts'
[18:15:24.763] Adding entry into typings cache: 'pump' => '/Users/magcho/Library/Caches/typescript/3.8/node_modules/@types/pump/index.d.ts'
[18:15:24.764] Adding entry into typings cache: 'pumpify' => '/Users/magcho/Library/Caches/typescript/3.8/node_modules/@types/pumpify/index.d.ts'
[18:15:24.766] Adding entry into typings cache: 'punycode' => '/Users/magcho/Library/Caches/typescript/3.8/node_modules/@types/punycode/index.d.ts'
[18:15:24.767] Adding entry into typings cache: 'puppeteer' => '/Users/magcho/Library/Caches/typescript/3.8/node_modules/@types/puppeteer/index.d.ts'
[18:15:24.770] Adding entry into typings cache: 'q' => '/Users/magcho/Library/Caches/typescript/3.8/node_modules/@types/q/index.d.ts'
[18:15:24.771] Adding entry into typings cache: 'qs' => '/Users/magcho/Library/Caches/typescript/3.8/node_modules/@types/qs/index.d.ts'
[18:15:24.771] Adding entry into typings cache: 'querystringify' => '/Users/magcho/Library/Caches/typescript/3.8/node_modules/@types/querystringify/index.d.ts'
[18:15:24.773] Adding entry into typings cache: 'qunit' => '/Users/magcho/Library/Caches/typescript/3.8/node_modules/@types/qunit/index.d.ts'
[18:15:24.774] Adding entry into typings cache: 'randombytes' => '/Users/magcho/Library/Caches/typescript/3.8/node_modules/@types/randombytes/index.d.ts'
[18:15:24.775] Adding entry into typings cache: 'range-parser' => '/Users/magcho/Library/Caches/typescript/3.8/node_modules/@types/range-parser/index.d.ts'
[18:15:24.778] Adding entry into typings cache: 'readable-stream' => '/Users/magcho/Library/Caches/typescript/3.8/node_modules/@types/readable-stream/index.d.ts'
[18:15:24.781] Adding entry into typings cache: 'repeat-element' => '/Users/magcho/Library/Caches/typescript/3.8/node_modules/@types/repeat-element/index.d.ts'
[18:15:24.783] Adding entry into typings cache: 'repeat-string' => '/Users/magcho/Library/Caches/typescript/3.8/node_modules/@types/repeat-string/index.d.ts'
[18:15:24.784] Adding entry into typings cache: 'repeating' => '/Users/magcho/Library/Caches/typescript/3.8/node_modules/@types/repeating/index.d.ts'
[18:15:24.785] Adding entry into typings cache: 'request' => '/Users/magcho/Library/Caches/typescript/3.8/node_modules/@types/request/index.d.ts'
[18:15:24.787] Adding entry into typings cache: 'require-directory' => '/Users/magcho/Library/Caches/typescript/3.8/node_modules/@types/require-directory/index.d.ts'
[18:15:24.788] Adding entry into typings cache: 'requires-port' => '/Users/magcho/Library/Caches/typescript/3.8/node_modules/@types/requires-port/index.d.ts'
[18:15:24.789] Adding entry into typings cache: 'resolve' => '/Users/magcho/Library/Caches/typescript/3.8/node_modules/@types/resolve/index.d.ts'
[18:15:24.791] Adding entry into typings cache: 'retry' => '/Users/magcho/Library/Caches/typescript/3.8/node_modules/@types/retry/index.d.ts'
[18:15:24.792] Adding entry into typings cache: 'rimraf' => '/Users/magcho/Library/Caches/typescript/3.8/node_modules/@types/rimraf/index.d.ts'
[18:15:24.793] Adding entry into typings cache: 'ripemd160' => '/Users/magcho/Library/Caches/typescript/3.8/node_modules/@types/ripemd160/index.d.ts'
[18:15:24.794] Adding entry into typings cache: 'rollup-plugin-buble' => '/Users/magcho/Library/Caches/typescript/3.8/node_modules/@types/rollup-plugin-buble/index.d.ts'
[18:15:24.798] Adding entry into typings cache: 'safe-regex' => '/Users/magcho/Library/Caches/typescript/3.8/node_modules/@types/safe-regex/index.d.ts'
[18:15:24.799] Adding entry into typings cache: 'safer-buffer' => '/Users/magcho/Library/Caches/typescript/3.8/node_modules/@types/safer-buffer/index.d.ts'
[18:15:24.801] Adding entry into typings cache: 'sass-graph' => '/Users/magcho/Library/Caches/typescript/3.8/node_modules/@types/sass-graph/index.d.ts'
[18:15:24.802] Adding entry into typings cache: 'sass-loader' => '/Users/magcho/Library/Caches/typescript/3.8/node_modules/@types/sass-loader/index.d.ts'
[18:15:24.804] Adding entry into typings cache: 'sax' => '/Users/magcho/Library/Caches/typescript/3.8/node_modules/@types/sax/index.d.ts'
[18:15:24.805] Adding entry into typings cache: 'semver' => '/Users/magcho/Library/Caches/typescript/3.8/node_modules/@types/semver/index.d.ts'
[18:15:24.807] Adding entry into typings cache: 'send' => '/Users/magcho/Library/Caches/typescript/3.8/node_modules/@types/send/index.d.ts'
[18:15:24.808] Adding entry into typings cache: 'serialize-javascript' => '/Users/magcho/Library/Caches/typescript/3.8/node_modules/@types/serialize-javascript/index.d.ts'
[18:15:24.809] Adding entry into typings cache: 'serve-handler' => '/Users/magcho/Library/Caches/typescript/3.8/node_modules/@types/serve-handler/index.d.ts'
[18:15:24.811] Adding entry into typings cache: 'serve-index' => '/Users/magcho/Library/Caches/typescript/3.8/node_modules/@types/serve-index/index.d.ts'
[18:15:24.812] Adding entry into typings cache: 'serve-static' => '/Users/magcho/Library/Caches/typescript/3.8/node_modules/@types/serve-static/index.d.ts'
[18:15:24.815] Adding entry into typings cache: 'set-value' => '/Users/magcho/Library/Caches/typescript/3.8/node_modules/@types/set-value/index.d.ts'
[18:15:24.816] Adding entry into typings cache: 'setimmediate' => '/Users/magcho/Library/Caches/typescript/3.8/node_modules/@types/setimmediate/ts3.1/index.d.ts'
[18:15:24.818] Adding entry into typings cache: 'sha.js' => '/Users/magcho/Library/Caches/typescript/3.8/node_modules/@types/sha.js/index.d.ts'
[18:15:24.819] Adding entry into typings cache: 'shebang-command' => '/Users/magcho/Library/Caches/typescript/3.8/node_modules/@types/shebang-command/index.d.ts'
[18:15:24.820] Adding entry into typings cache: 'signal-exit' => '/Users/magcho/Library/Caches/typescript/3.8/node_modules/@types/signal-exit/index.d.ts'
[18:15:24.821] Adding entry into typings cache: 'sockjs' => '/Users/magcho/Library/Caches/typescript/3.8/node_modules/@types/sockjs/index.d.ts'
[18:15:24.822] Adding entry into typings cache: 'sockjs-client' => '/Users/magcho/Library/Caches/typescript/3.8/node_modules/@types/sockjs-client/index.d.ts'
[18:15:24.824] Adding entry into typings cache: 'source-list-map' => '/Users/magcho/Library/Caches/typescript/3.8/node_modules/@types/source-list-map/index.d.ts'
[18:15:24.826] Adding entry into typings cache: 'source-map-support' => '/Users/magcho/Library/Caches/typescript/3.8/node_modules/@types/source-map-support/index.d.ts'
[18:15:24.827] Adding entry into typings cache: 'spark-md5' => '/Users/magcho/Library/Caches/typescript/3.8/node_modules/@types/spark-md5/index.d.ts'
[18:15:24.829] Adding entry into typings cache: 'spdx-correct' => '/Users/magcho/Library/Caches/typescript/3.8/node_modules/@types/spdx-correct/index.d.ts'
[18:15:24.830] Adding entry into typings cache: 'spdy' => '/Users/magcho/Library/Caches/typescript/3.8/node_modules/@types/spdy/index.d.ts'
[18:15:24.831] Adding entry into typings cache: 'sprintf' => '/Users/magcho/Library/Caches/typescript/3.8/node_modules/@types/sprintf/index.d.ts'
[18:15:24.832] Adding entry into typings cache: 'sprintf-js' => '/Users/magcho/Library/Caches/typescript/3.8/node_modules/@types/sprintf-js/index.d.ts'
[18:15:24.833] Adding entry into typings cache: 'sshpk' => '/Users/magcho/Library/Caches/typescript/3.8/node_modules/@types/sshpk/index.d.ts'
[18:15:24.834] Adding entry into typings cache: 'ssri' => '/Users/magcho/Library/Caches/typescript/3.8/node_modules/@types/ssri/index.d.ts'
[18:15:24.835] Adding entry into typings cache: 'statuses' => '/Users/magcho/Library/Caches/typescript/3.8/node_modules/@types/statuses/index.d.ts'
[18:15:24.837] Adding entry into typings cache: 'stdout-stream' => '/Users/magcho/Library/Caches/typescript/3.8/node_modules/@types/stdout-stream/index.d.ts'
[18:15:24.838] Adding entry into typings cache: 'stream-each' => '/Users/magcho/Library/Caches/typescript/3.8/node_modules/@types/stream-each/index.d.ts'
[18:15:24.839] Adding entry into typings cache: 'stream-shift' => '/Users/magcho/Library/Caches/typescript/3.8/node_modules/@types/stream-shift/index.d.ts'
[18:15:24.840] Adding entry into typings cache: 'strict-uri-encode' => '/Users/magcho/Library/Caches/typescript/3.8/node_modules/@types/strict-uri-encode/index.d.ts'
[18:15:24.841] Adding entry into typings cache: 'stylus' => '/Users/magcho/Library/Caches/typescript/3.8/node_modules/@types/stylus/index.d.ts'
[18:15:24.843] Adding entry into typings cache: 'supports-color' => '/Users/magcho/Library/Caches/typescript/3.8/node_modules/@types/supports-color/index.d.ts'
[18:15:24.844] Adding entry into typings cache: 'svgo' => '/Users/magcho/Library/Caches/typescript/3.8/node_modules/@types/svgo/index.d.ts'
[18:15:24.846] Adding entry into typings cache: 'tapable' => '/Users/magcho/Library/Caches/typescript/3.8/node_modules/@types/tapable/index.d.ts'
[18:15:24.847] Adding entry into typings cache: 'tar' => '/Users/magcho/Library/Caches/typescript/3.8/node_modules/@types/tar/index.d.ts'
[18:15:24.849] Adding entry into typings cache: 'terser-webpack-plugin' => '/Users/magcho/Library/Caches/typescript/3.8/node_modules/@types/terser-webpack-plugin/index.d.ts'
[18:15:24.850] Adding entry into typings cache: 'through2' => '/Users/magcho/Library/Caches/typescript/3.8/node_modules/@types/through2/index.d.ts'
[18:15:24.851] Adding entry into typings cache: 'timsort' => '/Users/magcho/Library/Caches/typescript/3.8/node_modules/@types/timsort/index.d.ts'
[18:15:24.852] Adding entry into typings cache: 'tough-cookie' => '/Users/magcho/Library/Caches/typescript/3.8/node_modules/@types/tough-cookie/index.d.ts'
[18:15:24.853] Adding entry into typings cache: 'turbolinks' => '/Users/magcho/Library/Caches/typescript/3.8/node_modules/@types/turbolinks/index.d.ts'
[18:15:24.854] Adding entry into typings cache: 'type-is' => '/Users/magcho/Library/Caches/typescript/3.8/node_modules/@types/type-is/index.d.ts'
[18:15:24.856] Adding entry into typings cache: 'ua-parser-js' => '/Users/magcho/Library/Caches/typescript/3.8/node_modules/@types/ua-parser-js/index.d.ts'
[18:15:24.858] Adding entry into typings cache: 'uglify-js' => '/Users/magcho/Library/Caches/typescript/3.8/node_modules/@types/uglify-js/index.d.ts'
[18:15:24.859] Adding entry into typings cache: 'uniq' => '/Users/magcho/Library/Caches/typescript/3.8/node_modules/@types/uniq/index.d.ts'
[18:15:24.864] Adding entry into typings cache: 'urix' => '/Users/magcho/Library/Caches/typescript/3.8/node_modules/@types/urix/index.d.ts'
[18:15:24.865] Adding entry into typings cache: 'url-parse' => '/Users/magcho/Library/Caches/typescript/3.8/node_modules/@types/url-parse/index.d.ts'
[18:15:24.867] Adding entry into typings cache: 'util-deprecate' => '/Users/magcho/Library/Caches/typescript/3.8/node_modules/@types/util-deprecate/index.d.ts'
[18:15:24.868] Adding entry into typings cache: 'util.promisify' => '/Users/magcho/Library/Caches/typescript/3.8/node_modules/@types/util.promisify/index.d.ts'
[18:15:24.869] Adding entry into typings cache: 'utils-merge' => '/Users/magcho/Library/Caches/typescript/3.8/node_modules/@types/utils-merge/index.d.ts'
[18:15:24.871] Adding entry into typings cache: 'uuid' => '/Users/magcho/Library/Caches/typescript/3.8/node_modules/@types/uuid/index.d.ts'
[18:15:24.872] Adding entry into typings cache: 'vary' => '/Users/magcho/Library/Caches/typescript/3.8/node_modules/@types/vary/index.d.ts'
[18:15:24.873] Adding entry into typings cache: 'verror' => '/Users/magcho/Library/Caches/typescript/3.8/node_modules/@types/verror/index.d.ts'
[18:15:24.874] Adding entry into typings cache: 'watchpack' => '/Users/magcho/Library/Caches/typescript/3.8/node_modules/@types/watchpack/index.d.ts'
[18:15:24.876] Adding entry into typings cache: 'webpack' => '/Users/magcho/Library/Caches/typescript/3.8/node_modules/@types/webpack/index.d.ts'
[18:15:24.877] Adding entry into typings cache: 'webpack-assets-manifest' => '/Users/magcho/Library/Caches/typescript/3.8/node_modules/@types/webpack-assets-manifest/index.d.ts'
[18:15:24.878] Adding entry into typings cache: 'webpack-dev-middleware' => '/Users/magcho/Library/Caches/typescript/3.8/node_modules/@types/webpack-dev-middleware/index.d.ts'
[18:15:24.879] Adding entry into typings cache: 'webpack-dev-server' => '/Users/magcho/Library/Caches/typescript/3.8/node_modules/@types/webpack-dev-server/index.d.ts'
[18:15:24.880] Adding entry into typings cache: 'webpack-sources' => '/Users/magcho/Library/Caches/typescript/3.8/node_modules/@types/webpack-sources/index.d.ts'
[18:15:24.881] Adding entry into typings cache: 'webpack-stream' => '/Users/magcho/Library/Caches/typescript/3.8/node_modules/@types/webpack-stream/index.d.ts'
[18:15:24.882] Adding entry into typings cache: 'when' => '/Users/magcho/Library/Caches/typescript/3.8/node_modules/@types/when/index.d.ts'
[18:15:24.883] Adding entry into typings cache: 'which' => '/Users/magcho/Library/Caches/typescript/3.8/node_modules/@types/which/index.d.ts'
[18:15:24.885] Adding entry into typings cache: 'wrap-ansi' => '/Users/magcho/Library/Caches/typescript/3.8/node_modules/@types/wrap-ansi/index.d.ts'
[18:15:24.886] Adding entry into typings cache: 'ws' => '/Users/magcho/Library/Caches/typescript/3.8/node_modules/@types/ws/index.d.ts'
[18:15:24.887] Adding entry into typings cache: 'xtend' => '/Users/magcho/Library/Caches/typescript/3.8/node_modules/@types/xtend/index.d.ts'
[18:15:24.888] Adding entry into typings cache: 'y18n' => '/Users/magcho/Library/Caches/typescript/3.8/node_modules/@types/y18n/index.d.ts'
[18:15:24.889] Adding entry into typings cache: 'yallist' => '/Users/magcho/Library/Caches/typescript/3.8/node_modules/@types/yallist/index.d.ts'
[18:15:24.890] Adding entry into typings cache: 'yargs' => '/Users/magcho/Library/Caches/typescript/3.8/node_modules/@types/yargs/index.d.ts'
[18:15:24.891] Adding entry into typings cache: 'yargs-parser' => '/Users/magcho/Library/Caches/typescript/3.8/node_modules/@types/yargs-parser/index.d.ts'
[18:15:24.891] Finished processing cache location '/Users/magcho/Library/Caches/typescript/3.8'
[18:15:24.891] Process id: 3577
[18:15:24.891] NPM location: /usr/local/Cellar/node/14.3.0/bin/npm (explicit '--npmLocation' not  provided)
[18:15:24.892] validateDefaultNpmLocation: false
[18:15:24.892] Npm config file: /Users/magcho/Library/Caches/typescript/3.8/package.json
[18:15:24.892] Updating types-registry npm package...
[18:15:24.892] Exec: /usr/local/Cellar/node/14.3.0/bin/npm install --ignore-scripts types-registry@latest
[18:15:24.903]     Failed. stdout:
    
    stderr:
    /bin/sh: /usr/local/Cellar/node/14.3.0/bin/npm: No such file or directory
    
[18:15:24.903] Updated types-registry npm package
[18:15:25.210] Got install request {"projectName":"/dev/null/inferredProject1*","fileNames":["/usr/local/lib/node_modules/typescript/lib/lib.d.ts","/usr/local/lib/node_modules/typescript/lib/lib.es5.d.ts","/usr/local/lib/node_modules/typescript/lib/lib.dom.d.ts","/usr/local/lib/node_modules/typescript/lib/lib.webworker.importscripts.d.ts","/usr/local/lib/node_modules/typescript/lib/lib.scripthost.d.ts","/Users/magcho/Documents/git/speback/app/app/javascript/channels/consumer.js","/Users/magcho/Documents/git/speback/app/app/javascript/channels/presentation_channel.js"],"compilerOptions":{"target":1,"jsx":1,"allowNonTsExtensions":true,"allowJs":true,"noEmitForJsFiles":true,"maxNodeModuleJsDepth":2},"typeAcquisition":{"enable":true,"include":[],"exclude":[]},"unresolvedImports":["@rails/actioncable"],"projectRootPath":"/Users/magcho/Documents/git/speback/app/app/javascript/channels","kind":"discover"}
[18:15:25.212] Loaded safelist from types map file '/usr/local/lib/node_modules/typescript/lib/typesmap.json'
[18:15:25.213] Explicitly included types: []
[18:15:25.214] Inferred typings from unresolved imports: ["@rails/actioncable"]
[18:15:25.214] Result: {"cachedTypingPaths":[],"newTypingNames":["@rails/actioncable"],"filesToWatch":["/Users/magcho/Documents/git/speback/app/app/javascript/channels/bower_components","/Users/magcho/Documents/git/speback/app/app/javascript/channels/node_modules"]}
[18:15:25.214] Finished typings discovery: {"cachedTypingPaths":[],"newTypingNames":["@rails/actioncable"],"filesToWatch":["/Users/magcho/Documents/git/speback/app/app/javascript/channels/bower_components","/Users/magcho/Documents/git/speback/app/app/javascript/channels/node_modules"]}
[18:15:25.214] DirectoryWatcher:: Added:: WatchInfo: /Users/magcho/Documents/git/speback/app/app/javascript/channels/bower_components
[18:15:25.216] DirectoryWatcher:: Added:: WatchInfo: /Users/magcho/Documents/git/speback/app/app/javascript/channels/node_modules
[18:15:25.216] Installing typings ["@rails/actioncable"]
[18:15:25.217] '@rails/actioncable':: Entry for package 'rails__actioncable' does not exist in local types registry - skipping...
[18:15:25.217] All typings are known to be missing or invalid - no need to install more typings
[18:15:25.217] Sending response:
    {"projectName":"/dev/null/inferredProject1*","typeAcquisition":{"enable":true,"include":[],"exclude":[]},"compilerOptions":{"target":1,"jsx":1,"allowNonTsExtensions":true,"allowJs":true,"noEmitForJsFiles":true,"maxNodeModuleJsDepth":2},"typings":[],"unresolvedImports":["@rails/actioncable"],"kind":"action::set"}
[18:15:25.217] Response has been sent.
